{"/home/rails/Desktop/parking_app/src/Components/Header.tsx": {"path":"/home/rails/Desktop/parking_app/src/Components/Header.tsx","statementMap":{"0":{"start":{"line":4,"column":16},"end":{"line":14,"column":1}},"1":{"start":{"line":5,"column":2},"end":{"line":13,"column":3}}},"fnMap":{"0":{"name":"(anonymous_0)","decl":{"start":{"line":4,"column":16},"end":{"line":4,"column":17}},"loc":{"start":{"line":4,"column":22},"end":{"line":14,"column":1}},"line":4}},"branchMap":{},"s":{"0":1,"1":1},"f":{"0":1},"b":{},"_coverageSchema":"1a1c01bbd47fc00a2c39e90264f33305004495a9","hash":"f252a1aedb2273588b9af3afaf413fd2d519b679"}
,"/home/rails/Desktop/parking_app/src/Components/Layout.tsx": {"path":"/home/rails/Desktop/parking_app/src/Components/Layout.tsx","statementMap":{"0":{"start":{"line":11,"column":15},"end":{"line":71,"column":1}},"1":{"start":{"line":12,"column":90},"end":{"line":12,"column":113}},"2":{"start":{"line":14,"column":25},"end":{"line":17,"column":5}},"3":{"start":{"line":15,"column":31},"end":{"line":15,"column":39}},"4":{"start":{"line":16,"column":7},"end":{"line":16,"column":43}},"5":{"start":{"line":20,"column":23},"end":{"line":33,"column":5}},"6":{"start":{"line":21,"column":21},"end":{"line":21,"column":107}},"7":{"start":{"line":22,"column":22},"end":{"line":22,"column":48}},"8":{"start":{"line":23,"column":28},"end":{"line":23,"column":49}},"9":{"start":{"line":24,"column":26},"end":{"line":24,"column":45}},"10":{"start":{"line":25,"column":23},"end":{"line":25,"column":72}},"11":{"start":{"line":26,"column":5},"end":{"line":26,"column":23}},"12":{"start":{"line":27,"column":5},"end":{"line":31,"column":5}},"13":{"start":{"line":28,"column":5},"end":{"line":28,"column":17}},"14":{"start":{"line":30,"column":5},"end":{"line":30,"column":35}},"15":{"start":{"line":32,"column":5},"end":{"line":32,"column":18}},"16":{"start":{"line":36,"column":2},"end":{"line":70,"column":3}},"17":{"start":{"line":40,"column":16},"end":{"line":52,"column":23}},"18":{"start":{"line":48,"column":30},"end":{"line":48,"column":46}}},"fnMap":{"0":{"name":"(anonymous_0)","decl":{"start":{"line":11,"column":15},"end":{"line":11,"column":16}},"loc":{"start":{"line":11,"column":21},"end":{"line":71,"column":1}},"line":11},"1":{"name":"(anonymous_1)","decl":{"start":{"line":14,"column":25},"end":{"line":14,"column":26}},"loc":{"start":{"line":14,"column":91},"end":{"line":17,"column":5}},"line":14},"2":{"name":"(anonymous_2)","decl":{"start":{"line":20,"column":23},"end":{"line":20,"column":24}},"loc":{"start":{"line":20,"column":39},"end":{"line":33,"column":5}},"line":20},"3":{"name":"(anonymous_3)","decl":{"start":{"line":39,"column":30},"end":{"line":39,"column":31}},"loc":{"start":{"line":40,"column":16},"end":{"line":52,"column":23}},"line":40},"4":{"name":"(anonymous_4)","decl":{"start":{"line":48,"column":24},"end":{"line":48,"column":25}},"loc":{"start":{"line":48,"column":30},"end":{"line":48,"column":46}},"line":48}},"branchMap":{"0":{"loc":{"start":{"line":22,"column":22},"end":{"line":22,"column":48}},"type":"cond-expr","locations":[{"start":{"line":22,"column":32},"end":{"line":22,"column":41}},{"start":{"line":22,"column":44},"end":{"line":22,"column":48}}],"line":22},"1":{"loc":{"start":{"line":27,"column":5},"end":{"line":31,"column":5}},"type":"if","locations":[{"start":{"line":27,"column":5},"end":{"line":31,"column":5}},{"start":{"line":29,"column":9},"end":{"line":31,"column":5}}],"line":27},"2":{"loc":{"start":{"line":40,"column":66},"end":{"line":40,"column":97}},"type":"cond-expr","locations":[{"start":{"line":40,"column":83},"end":{"line":40,"column":89}},{"start":{"line":40,"column":91},"end":{"line":40,"column":97}}],"line":40},"3":{"loc":{"start":{"line":42,"column":109},"end":{"line":42,"column":142}},"type":"cond-expr","locations":[{"start":{"line":42,"column":126},"end":{"line":42,"column":133}},{"start":{"line":42,"column":136},"end":{"line":42,"column":142}}],"line":42}},"s":{"0":1,"1":4,"2":4,"3":2,"4":2,"5":4,"6":0,"7":0,"8":0,"9":0,"10":0,"11":0,"12":0,"13":0,"14":0,"15":0,"16":4,"17":0,"18":0},"f":{"0":4,"1":2,"2":0,"3":0,"4":0},"b":{"0":[0,0],"1":[0,0],"2":[0,0],"3":[0,0]},"_coverageSchema":"1a1c01bbd47fc00a2c39e90264f33305004495a9","hash":"2f511de42913f8671db754a8c0396e2124dfaacd"}
,"/home/rails/Desktop/parking_app/src/Components/SpaceInput.tsx": {"path":"/home/rails/Desktop/parking_app/src/Components/SpaceInput.tsx","statementMap":{"0":{"start":{"line":8,"column":19},"end":{"line":24,"column":1}},"1":{"start":{"line":9,"column":52},"end":{"line":9,"column":75}},"2":{"start":{"line":10,"column":2},"end":{"line":23,"column":3}},"3":{"start":{"line":15,"column":28},"end":{"line":15,"column":56}}},"fnMap":{"0":{"name":"(anonymous_0)","decl":{"start":{"line":8,"column":19},"end":{"line":8,"column":20}},"loc":{"start":{"line":8,"column":25},"end":{"line":24,"column":1}},"line":8},"1":{"name":"(anonymous_1)","decl":{"start":{"line":15,"column":21},"end":{"line":15,"column":22}},"loc":{"start":{"line":15,"column":28},"end":{"line":15,"column":56}},"line":15}},"branchMap":{},"s":{"0":1,"1":3,"2":3,"3":1},"f":{"0":3,"1":1},"b":{},"_coverageSchema":"1a1c01bbd47fc00a2c39e90264f33305004495a9","hash":"f009dd6a64ad0dbb168abe2286615eec5a51a251"}
,"/home/rails/Desktop/parking_app/src/Context/DataContext.tsx": {"path":"/home/rails/Desktop/parking_app/src/Context/DataContext.tsx","statementMap":{"0":{"start":{"line":10,"column":51},"end":{"line":30,"column":1}},"1":{"start":{"line":14,"column":21},"end":{"line":14,"column":30}},"2":{"start":{"line":15,"column":24},"end":{"line":15,"column":33}},"3":{"start":{"line":17,"column":20},"end":{"line":17,"column":29}},"4":{"start":{"line":18,"column":20},"end":{"line":18,"column":29}},"5":{"start":{"line":21,"column":20},"end":{"line":21,"column":29}},"6":{"start":{"line":22,"column":21},"end":{"line":22,"column":30}},"7":{"start":{"line":36,"column":20},"end":{"line":36,"column":77}},"8":{"start":{"line":39,"column":28},"end":{"line":108,"column":2}},"9":{"start":{"line":41,"column":19},"end":{"line":41,"column":32}},"10":{"start":{"line":42,"column":38},"end":{"line":42,"column":58}},"11":{"start":{"line":43,"column":28},"end":{"line":46,"column":6}},"12":{"start":{"line":47,"column":44},"end":{"line":47,"column":61}},"13":{"start":{"line":48,"column":29},"end":{"line":48,"column":53}},"14":{"start":{"line":49,"column":32},"end":{"line":49,"column":52}},"15":{"start":{"line":50,"column":29},"end":{"line":50,"column":48}},"16":{"start":{"line":51,"column":31},"end":{"line":51,"column":50}},"17":{"start":{"line":54,"column":25},"end":{"line":63,"column":5}},"18":{"start":{"line":55,"column":6},"end":{"line":55,"column":25}},"19":{"start":{"line":56,"column":17},"end":{"line":56,"column":19}},"20":{"start":{"line":57,"column":6},"end":{"line":59,"column":7}},"21":{"start":{"line":57,"column":19},"end":{"line":57,"column":20}},"22":{"start":{"line":58,"column":8},"end":{"line":58,"column":48}},"23":{"start":{"line":60,"column":6},"end":{"line":60,"column":27}},"24":{"start":{"line":61,"column":6},"end":{"line":61,"column":28}},"25":{"start":{"line":62,"column":6},"end":{"line":62,"column":24}},"26":{"start":{"line":66,"column":26},"end":{"line":97,"column":5}},"27":{"start":{"line":67,"column":6},"end":{"line":67,"column":25}},"28":{"start":{"line":69,"column":24},"end":{"line":69,"column":41}},"29":{"start":{"line":70,"column":20},"end":{"line":70,"column":81}},"30":{"start":{"line":71,"column":7},"end":{"line":71,"column":27}},"31":{"start":{"line":72,"column":6},"end":{"line":93,"column":8}},"32":{"start":{"line":73,"column":8},"end":{"line":88,"column":9}},"33":{"start":{"line":73,"column":18},"end":{"line":73,"column":19}},"34":{"start":{"line":74,"column":12},"end":{"line":85,"column":13}},"35":{"start":{"line":75,"column":11},"end":{"line":85,"column":12}},"36":{"start":{"line":76,"column":13},"end":{"line":76,"column":38}},"37":{"start":{"line":77,"column":13},"end":{"line":77,"column":54}},"38":{"start":{"line":78,"column":13},"end":{"line":78,"column":38}},"39":{"start":{"line":81,"column":23},"end":{"line":81,"column":73}},"40":{"start":{"line":81,"column":51},"end":{"line":81,"column":72}},"41":{"start":{"line":82,"column":13},"end":{"line":82,"column":34}},"42":{"start":{"line":83,"column":13},"end":{"line":83,"column":50}},"43":{"start":{"line":84,"column":13},"end":{"line":84,"column":34}},"44":{"start":{"line":86,"column":11},"end":{"line":86,"column":37}},"45":{"start":{"line":87,"column":11},"end":{"line":87,"column":30}},"46":{"start":{"line":91,"column":24},"end":{"line":91,"column":54}},"47":{"start":{"line":91,"column":30},"end":{"line":91,"column":54}},"48":{"start":{"line":92,"column":12},"end":{"line":92,"column":21}},"49":{"start":{"line":94,"column":7},"end":{"line":94,"column":32}},"50":{"start":{"line":95,"column":4},"end":{"line":95,"column":34}},"51":{"start":{"line":96,"column":4},"end":{"line":96,"column":44}},"52":{"start":{"line":99,"column":5},"end":{"line":107,"column":6}}},"fnMap":{"0":{"name":"(anonymous_0)","decl":{"start":{"line":14,"column":15},"end":{"line":14,"column":16}},"loc":{"start":{"line":14,"column":21},"end":{"line":14,"column":30}},"line":14},"1":{"name":"(anonymous_1)","decl":{"start":{"line":15,"column":18},"end":{"line":15,"column":19}},"loc":{"start":{"line":15,"column":24},"end":{"line":15,"column":33}},"line":15},"2":{"name":"(anonymous_2)","decl":{"start":{"line":17,"column":14},"end":{"line":17,"column":15}},"loc":{"start":{"line":17,"column":20},"end":{"line":17,"column":29}},"line":17},"3":{"name":"(anonymous_3)","decl":{"start":{"line":18,"column":14},"end":{"line":18,"column":15}},"loc":{"start":{"line":18,"column":20},"end":{"line":18,"column":29}},"line":18},"4":{"name":"(anonymous_4)","decl":{"start":{"line":21,"column":14},"end":{"line":21,"column":15}},"loc":{"start":{"line":21,"column":20},"end":{"line":21,"column":29}},"line":21},"5":{"name":"(anonymous_5)","decl":{"start":{"line":22,"column":15},"end":{"line":22,"column":16}},"loc":{"start":{"line":22,"column":21},"end":{"line":22,"column":30}},"line":22},"6":{"name":"(anonymous_6)","decl":{"start":{"line":27,"column":18},"end":{"line":27,"column":19}},"loc":{"start":{"line":27,"column":24},"end":{"line":27,"column":26}},"line":27},"7":{"name":"(anonymous_7)","decl":{"start":{"line":28,"column":19},"end":{"line":28,"column":20}},"loc":{"start":{"line":28,"column":25},"end":{"line":28,"column":27}},"line":28},"8":{"name":"(anonymous_8)","decl":{"start":{"line":39,"column":28},"end":{"line":39,"column":29}},"loc":{"start":{"line":39,"column":51},"end":{"line":108,"column":2}},"line":39},"9":{"name":"(anonymous_9)","decl":{"start":{"line":54,"column":25},"end":{"line":54,"column":26}},"loc":{"start":{"line":54,"column":49},"end":{"line":63,"column":5}},"line":54},"10":{"name":"(anonymous_10)","decl":{"start":{"line":66,"column":26},"end":{"line":66,"column":27}},"loc":{"start":{"line":66,"column":50},"end":{"line":97,"column":5}},"line":66},"11":{"name":"(anonymous_11)","decl":{"start":{"line":81,"column":41},"end":{"line":81,"column":42}},"loc":{"start":{"line":81,"column":51},"end":{"line":81,"column":72}},"line":81},"12":{"name":"(anonymous_12)","decl":{"start":{"line":91,"column":24},"end":{"line":91,"column":25}},"loc":{"start":{"line":91,"column":30},"end":{"line":91,"column":54}},"line":91}},"branchMap":{"0":{"loc":{"start":{"line":72,"column":6},"end":{"line":93,"column":8}},"type":"if","locations":[{"start":{"line":72,"column":6},"end":{"line":93,"column":8}},{"start":{"line":90,"column":11},"end":{"line":93,"column":8}}],"line":72},"1":{"loc":{"start":{"line":74,"column":12},"end":{"line":85,"column":13}},"type":"if","locations":[{"start":{"line":74,"column":12},"end":{"line":85,"column":13}},{"start":{},"end":{}}],"line":74},"2":{"loc":{"start":{"line":75,"column":11},"end":{"line":85,"column":12}},"type":"if","locations":[{"start":{"line":75,"column":11},"end":{"line":85,"column":12}},{"start":{"line":80,"column":15},"end":{"line":85,"column":12}}],"line":75}},"s":{"0":2,"1":0,"2":1,"3":0,"4":2,"5":0,"6":0,"7":2,"8":2,"9":0,"10":0,"11":0,"12":0,"13":0,"14":0,"15":0,"16":0,"17":0,"18":0,"19":0,"20":0,"21":0,"22":0,"23":0,"24":0,"25":0,"26":0,"27":0,"28":0,"29":0,"30":0,"31":0,"32":0,"33":0,"34":0,"35":0,"36":0,"37":0,"38":0,"39":0,"40":0,"41":0,"42":0,"43":0,"44":0,"45":0,"46":0,"47":0,"48":0,"49":0,"50":0,"51":0,"52":0},"f":{"0":0,"1":1,"2":0,"3":2,"4":0,"5":0,"6":1,"7":1,"8":0,"9":0,"10":0,"11":0,"12":0},"b":{"0":[0,0],"1":[0,0],"2":[0,0]},"_coverageSchema":"1a1c01bbd47fc00a2c39e90264f33305004495a9","hash":"97e1d59398d00a2630ab1b9a51aebb9572498968"}
}
