TN:
SF:src/Components/Header.tsx
FN:4,(anonymous_0)
FNF:1
FNH:1
FNDA:1,(anonymous_0)
DA:4,1
DA:5,1
LF:2
LH:2
BRF:0
BRH:0
end_of_record
TN:
SF:src/Components/Layout.tsx
FN:11,(anonymous_0)
FN:14,(anonymous_1)
FN:20,(anonymous_2)
FN:39,(anonymous_3)
FN:48,(anonymous_4)
FNF:5
FNH:2
FNDA:4,(anonymous_0)
FNDA:2,(anonymous_1)
FNDA:0,(anonymous_2)
FNDA:0,(anonymous_3)
FNDA:0,(anonymous_4)
DA:11,1
DA:12,4
DA:14,4
DA:15,2
DA:16,2
DA:20,4
DA:21,0
DA:22,0
DA:23,0
DA:24,0
DA:25,0
DA:26,0
DA:27,0
DA:28,0
DA:30,0
DA:32,0
DA:36,4
DA:40,0
DA:48,0
LF:19
LH:7
BRDA:22,0,0,0
BRDA:22,0,1,0
BRDA:27,1,0,0
BRDA:27,1,1,0
BRDA:40,2,0,0
BRDA:40,2,1,0
BRDA:42,3,0,0
BRDA:42,3,1,0
BRF:8
BRH:0
end_of_record
TN:
SF:src/Components/SpaceInput.tsx
FN:8,(anonymous_0)
FN:15,(anonymous_1)
FNF:2
FNH:2
FNDA:3,(anonymous_0)
FNDA:1,(anonymous_1)
DA:8,1
DA:9,3
DA:10,3
DA:15,1
LF:4
LH:4
BRF:0
BRH:0
end_of_record
TN:
SF:src/Context/DataContext.tsx
FN:14,(anonymous_0)
FN:15,(anonymous_1)
FN:17,(anonymous_2)
FN:18,(anonymous_3)
FN:21,(anonymous_4)
FN:22,(anonymous_5)
FN:27,(anonymous_6)
FN:28,(anonymous_7)
FN:39,(anonymous_8)
FN:54,(anonymous_9)
FN:66,(anonymous_10)
FN:81,(anonymous_11)
FN:91,(anonymous_12)
FNF:13
FNH:4
FNDA:0,(anonymous_0)
FNDA:1,(anonymous_1)
FNDA:0,(anonymous_2)
FNDA:2,(anonymous_3)
FNDA:0,(anonymous_4)
FNDA:0,(anonymous_5)
FNDA:1,(anonymous_6)
FNDA:1,(anonymous_7)
FNDA:0,(anonymous_8)
FNDA:0,(anonymous_9)
FNDA:0,(anonymous_10)
FNDA:0,(anonymous_11)
FNDA:0,(anonymous_12)
DA:10,2
DA:14,0
DA:15,1
DA:17,0
DA:18,2
DA:21,0
DA:22,0
DA:36,2
DA:39,2
DA:41,0
DA:42,0
DA:43,0
DA:47,0
DA:48,0
DA:49,0
DA:50,0
DA:51,0
DA:54,0
DA:55,0
DA:56,0
DA:57,0
DA:58,0
DA:60,0
DA:61,0
DA:62,0
DA:66,0
DA:67,0
DA:69,0
DA:70,0
DA:71,0
DA:72,0
DA:73,0
DA:74,0
DA:75,0
DA:76,0
DA:77,0
DA:78,0
DA:81,0
DA:82,0
DA:83,0
DA:84,0
DA:86,0
DA:87,0
DA:91,0
DA:92,0
DA:94,0
DA:95,0
DA:96,0
DA:99,0
LF:49
LH:5
BRDA:72,0,0,0
BRDA:72,0,1,0
BRDA:74,1,0,0
BRDA:74,1,1,0
BRDA:75,2,0,0
BRDA:75,2,1,0
BRF:6
BRH:0
end_of_record
